[30-May-2025 13:40:03 UTC] Router: Método GET, URI /laressencia/public/
[30-May-2025 13:40:03 UTC] Router: URI normalizada para /
[30-May-2025 13:40:03 UTC] Router: Verificando rota /contato com padrão #^/contato$#
[30-May-2025 13:40:03 UTC] Router: Verificando rota /404 com padrão #^/404$#
[30-May-2025 13:40:03 UTC] Router: Verificando rota /manutencao com padrão #^/manutencao$#
[30-May-2025 13:40:03 UTC] Router: Verificando rota /termos com padrão #^/termos$#
[30-May-2025 13:40:03 UTC] Router: Verificando rota / com padrão #^/$#
[30-May-2025 13:40:03 UTC] Router: Rota encontrada para /
[30-May-2025 13:40:06 UTC] Router: Método GET, URI /laressencia/public/produto/17
[30-May-2025 13:40:06 UTC] Router: URI normalizada para /produto/17
[30-May-2025 13:40:06 UTC] Router: Verificando rota /contato com padrão #^/contato$#
[30-May-2025 13:40:06 UTC] Router: Verificando rota /404 com padrão #^/404$#
[30-May-2025 13:40:06 UTC] Router: Verificando rota /manutencao com padrão #^/manutencao$#
[30-May-2025 13:40:06 UTC] Router: Verificando rota /termos com padrão #^/termos$#
[30-May-2025 13:40:06 UTC] Router: Verificando rota / com padrão #^/$#
[30-May-2025 13:40:06 UTC] Router: Verificando rota /home com padrão #^/home$#
[30-May-2025 13:40:06 UTC] Router: Verificando rota /produtos com padrão #^/produtos$#
[30-May-2025 13:40:06 UTC] Router: Verificando rota /produto/{id} com padrão #^/produto/([a-zA-Z0-9_-]+)$#
[30-May-2025 13:40:06 UTC] Router: Rota encontrada para /produto/17
[30-May-2025 13:40:08 UTC] Router: Método POST, URI /laressencia/public/adicionar-carrinho/17
[30-May-2025 13:40:08 UTC] Router: URI normalizada para /adicionar-carrinho/17
[30-May-2025 13:40:08 UTC] Router: Verificando rota /enviar-contato com padrão #^/enviar-contato$#
[30-May-2025 13:40:08 UTC] Router: Verificando rota /adicionar-carrinho/{id} com padrão #^/adicionar-carrinho/([a-zA-Z0-9_-]+)$#
[30-May-2025 13:40:08 UTC] Router: Rota encontrada para /adicionar-carrinho/17
